This is pdfTeX, Version 3.14159265-2.6-1.40.19 (TeX Live 2019/dev/Debian) (preloaded format=pdflatex 2018.10.16)  18 OCT 2019 13:55
entering extended mode
 restricted \write18 enabled.
 %&-line parsing enabled.
**manual.tex
(./manual.tex
LaTeX2e <2018-04-01> patch level 5
(/usr/share/texlive/texmf-dist/tex/latex/base/article.cls
Document Class: article 2014/09/29 v1.4h Standard LaTeX document class
(/usr/share/texlive/texmf-dist/tex/latex/base/size10.clo
File: size10.clo 2014/09/29 v1.4h Standard LaTeX file (size option)
)
\c@part=\count80
\c@section=\count81
\c@subsection=\count82
\c@subsubsection=\count83
\c@paragraph=\count84
\c@subparagraph=\count85
\c@figure=\count86
\c@table=\count87
\abovecaptionskip=\skip41
\belowcaptionskip=\skip42
\bibindent=\dimen102
)
(/usr/share/texlive/texmf-dist/tex/latex/graphics/epsfig.sty
Package: epsfig 2017/06/25 v1.7b (e)psfig emulation (SPQR)

(/usr/share/texlive/texmf-dist/tex/latex/graphics/graphicx.sty
Package: graphicx 2017/06/01 v1.1a Enhanced LaTeX Graphics (DPC,SPQR)

(/usr/share/texlive/texmf-dist/tex/latex/graphics/keyval.sty
Package: keyval 2014/10/28 v1.15 key=value parser (DPC)
\KV@toks@=\toks14
)
(/usr/share/texlive/texmf-dist/tex/latex/graphics/graphics.sty
Package: graphics 2017/06/25 v1.2c Standard LaTeX Graphics (DPC,SPQR)

(/usr/share/texlive/texmf-dist/tex/latex/graphics/trig.sty
Package: trig 2016/01/03 v1.10 sin cos tan (DPC)
)
(/usr/share/texlive/texmf-dist/tex/latex/graphics-cfg/graphics.cfg
File: graphics.cfg 2016/06/04 v1.11 sample graphics configuration
)
Package graphics Info: Driver file: pdftex.def on input line 99.

(/usr/share/texlive/texmf-dist/tex/latex/graphics-def/pdftex.def
File: pdftex.def 2018/01/08 v1.0l Graphics/color driver for pdftex
))
\Gin@req@height=\dimen103
\Gin@req@width=\dimen104
)
\epsfxsize=\dimen105
\epsfysize=\dimen106
)

! LaTeX Error: File `a4wide.sty' not found.

Type X to quit or <RETURN> to proceed,
or enter new name. (Default extension: sty)

Enter file name: 
No file manual.aux.
\openout1 = `manual.aux'.

LaTeX Font Info:    Checking defaults for OML/cmm/m/it on input line 6.
LaTeX Font Info:    ... okay on input line 6.
LaTeX Font Info:    Checking defaults for T1/cmr/m/n on input line 6.
LaTeX Font Info:    ... okay on input line 6.
LaTeX Font Info:    Checking defaults for OT1/cmr/m/n on input line 6.
LaTeX Font Info:    ... okay on input line 6.
LaTeX Font Info:    Checking defaults for OMS/cmsy/m/n on input line 6.
LaTeX Font Info:    ... okay on input line 6.
LaTeX Font Info:    Checking defaults for OMX/cmex/m/n on input line 6.
LaTeX Font Info:    ... okay on input line 6.
LaTeX Font Info:    Checking defaults for U/cmr/m/n on input line 6.
LaTeX Font Info:    ... okay on input line 6.
(/usr/share/texlive/texmf-dist/tex/context/base/mkii/supp-pdf.mkii
[Loading MPS to PDF converter (version 2006.09.02).]
\scratchcounter=\count88
\scratchdimen=\dimen107
\scratchbox=\box26
\nofMPsegments=\count89
\nofMParguments=\count90
\everyMPshowfont=\toks15
\MPscratchCnt=\count91
\MPscratchDim=\dimen108
\MPnumerator=\count92
\makeMPintoPDFobject=\count93
\everyMPtoPDFconversion=\toks16
) (/usr/share/texlive/texmf-dist/tex/latex/oberdiek/epstopdf-base.sty
Package: epstopdf-base 2016/05/15 v2.6 Base part for package epstopdf

(/usr/share/texlive/texmf-dist/tex/generic/oberdiek/infwarerr.sty
Package: infwarerr 2016/05/16 v1.4 Providing info/warning/error messages (HO)
)
(/usr/share/texlive/texmf-dist/tex/latex/oberdiek/grfext.sty
Package: grfext 2016/05/16 v1.2 Manage graphics extensions (HO)

(/usr/share/texlive/texmf-dist/tex/generic/oberdiek/kvdefinekeys.sty
Package: kvdefinekeys 2016/05/16 v1.4 Define keys (HO)

(/usr/share/texlive/texmf-dist/tex/generic/oberdiek/ltxcmds.sty
Package: ltxcmds 2016/05/16 v1.23 LaTeX kernel commands for general use (HO)
)))
(/usr/share/texlive/texmf-dist/tex/latex/oberdiek/kvoptions.sty
Package: kvoptions 2016/05/16 v3.12 Key value format for package options (HO)

(/usr/share/texlive/texmf-dist/tex/generic/oberdiek/kvsetkeys.sty
Package: kvsetkeys 2016/05/16 v1.17 Key value parser (HO)

(/usr/share/texlive/texmf-dist/tex/generic/oberdiek/etexcmds.sty
Package: etexcmds 2016/05/16 v1.6 Avoid name clashes with e-TeX commands (HO)

(/usr/share/texlive/texmf-dist/tex/generic/oberdiek/ifluatex.sty
Package: ifluatex 2016/05/16 v1.4 Provides the ifluatex switch (HO)
Package ifluatex Info: LuaTeX not detected.
))))
(/usr/share/texlive/texmf-dist/tex/generic/oberdiek/pdftexcmds.sty
Package: pdftexcmds 2018/09/10 v0.29 Utility functions of pdfTeX for LuaTeX (HO
)

(/usr/share/texlive/texmf-dist/tex/generic/oberdiek/ifpdf.sty
Package: ifpdf 2018/09/07 v3.3 Provides the ifpdf switch
)
Package pdftexcmds Info: LuaTeX not detected.
Package pdftexcmds Info: \pdf@primitive is available.
Package pdftexcmds Info: \pdf@ifprimitive is available.
Package pdftexcmds Info: \pdfdraftmode found.
)
Package epstopdf-base Info: Redefining graphics rule for `.eps' on input line 4
38.
Package grfext Info: Graphics extension search list:
(grfext)             [.pdf,.png,.jpg,.mps,.jpeg,.jbig2,.jb2,.PDF,.PNG,.JPG,.JPE
G,.JBIG2,.JB2,.eps]
(grfext)             \AppendGraphicsExtensions on input line 456.

(/usr/share/texlive/texmf-dist/tex/latex/latexconfig/epstopdf-sys.cfg
File: epstopdf-sys.cfg 2010/07/13 v1.3 Configuration of (r)epstopdf for TeX Liv
e
))
LaTeX Font Info:    External font `cmex10' loaded for size
(Font)              <12> on input line 19.
LaTeX Font Info:    External font `cmex10' loaded for size
(Font)              <8> on input line 19.
LaTeX Font Info:    External font `cmex10' loaded for size
(Font)              <6> on input line 19.

Overfull \hbox (25.9757pt too wide) in paragraph at lines 19--19
 [][] 
 []

LaTeX Font Info:    External font `cmex10' loaded for size
(Font)              <7> on input line 42.
LaTeX Font Info:    External font `cmex10' loaded for size
(Font)              <5> on input line 42.

Overfull \hbox (54.08183pt too wide) in paragraph at lines 38--43
\OT1/cmr/m/n/10 Down-load-able from the World Wide Web at \OT1/cmtt/m/n/10 http
://wwwi3s.unice.fr/$[]$om/khep-sim.html 
 []


LaTeX Warning: File `EPS/sim.eps' not found on input line 46.

Package epstopdf Info: Source file: <EPS/sim.eps>
(epstopdf)             Output file: <EPS/sim-eps-converted-to.pdf>
(epstopdf)             Command: <repstopdf --outfile=EPS/sim-eps-converted-to.p
df EPS/sim.eps>
(epstopdf)             \includegraphics on input line 46.
Package epstopdf Info: Output file is already uptodate.

! Package pdftex.def Error: File `EPS/sim-eps-converted-to.pdf' not found: usin
g draft setting.

See the pdftex.def package documentation for explanation.
Type  H <return>  for immediate help.
 ...                                              
                                                  
l.46 \psfig{file=EPS/sim.eps,width=15.0cm}
                                          
? 

Overfull \hbox (81.1681pt too wide) in paragraph at lines 45--47
[]  [] 
 []


LaTeX Warning: Reference `sim' on page 1 undefined on input line 64.


LaTeX Warning: File `EPS/2worlds.eps' not found on input line 72.

Package epstopdf Info: Source file: <EPS/2worlds.eps>
(epstopdf)             Output file: <EPS/2worlds-eps-converted-to.pdf>
(epstopdf)             Command: <repstopdf --outfile=EPS/2worlds-eps-converted-
to.pdf EPS/2worlds.eps>
(epstopdf)             \includegraphics on input line 72.
Package epstopdf Info: Output file is already uptodate.

! Package pdftex.def Error: File `EPS/2worlds-eps-converted-to.pdf' not found: 
using draft setting.

See the pdftex.def package documentation for explanation.
Type  H <return>  for immediate help.
 ...                                              
                                                  
l.72 \psfig{file=EPS/2worlds.eps,width=12.0cm}
                                              
? 

Overfull \hbox (32.7985pt too wide) in paragraph at lines 71--73
[]  [] 
 []

[1

{/var/lib/texmf/fonts/map/pdftex/updmap/pdftex.map}] [2]

LaTeX Warning: Reference `worlds' on page 3 undefined on input line 84.

[3]

LaTeX Warning: File `EPS/Khepera_2robots.eps' not found on input line 102.

Package epstopdf Info: Source file: <EPS/Khepera_2robots.eps>
(epstopdf)             Output file: <EPS/Khepera_2robots-eps-converted-to.pdf>
(epstopdf)             Command: <repstopdf --outfile=EPS/Khepera_2robots-eps-co
nverted-to.pdf EPS/Khepera_2robots.eps>
(epstopdf)             \includegraphics on input line 102.
Package epstopdf Info: Output file is already uptodate.

! Package pdftex.def Error: File `EPS/Khepera_2robots-eps-converted-to.pdf' not
 found: using draft setting.

See the pdftex.def package documentation for explanation.
Type  H <return>  for immediate help.
 ...                                              
                                                  
l.102 ...ile=EPS/Khepera_2robots.eps,width=12.0cm}
                                                  
? 

Overfull \hbox (44.17986pt too wide) in paragraph at lines 101--103
[]  [] 
 []


LaTeX Warning: Citation `MONDADA93' on page 4 undefined on input line 109.

[4]

LaTeX Warning: Reference `robots' on page 5 undefined on input line 153.


LaTeX Warning: Reference `functions_lib' on page 5 undefined on input line 169.



LaTeX Warning: Reference `dir-structure' on page 5 undefined on input line 171.


[5]
LaTeX Font Info:    Try loading font information for OMS+cmr on input line 194.

 (/usr/share/texlive/texmf-dist/tex/latex/base/omscmr.fd
File: omscmr.fd 2014/09/29 v2.5h Standard LaTeX font definitions
)
LaTeX Font Info:    Font shape `OMS/cmr/m/n' in size <10> not available
(Font)              Font shape `OMS/cmsy/m/n' tried instead on input line 194.
 [6]

LaTeX Warning: Citation `MICHEL95' on page 7 undefined on input line 280.


LaTeX Warning: Reference `khep_serial' on page 7 undefined on input line 292.


LaTeX Warning: Citation `BRAITENBERG84' on page 7 undefined on input line 299.

[7]
Overfull \hbox (59.24648pt too wide) in paragraph at lines 312--312
[]  \OT1/cmtt/m/n/10 o If an obstacle is perceived on the left hand side of the
 robot, then turn[] 
 []


Overfull \hbox (64.49643pt too wide) in paragraph at lines 312--312
[]  \OT1/cmtt/m/n/10 o If an obstacle is perceived on the right hand side of th
e robot, then turn[] 
 []


LaTeX Warning: Reference `robots' on page 8 undefined on input line 318.


Overfull \hbox (64.49643pt too wide) in paragraph at lines 373--373
[]\OT1/cmtt/m/n/10 #define FORWARD_SPEED   5                    /* normal (slow
) forward speed */[] 
 []


Overfull \hbox (64.49643pt too wide) in paragraph at lines 373--373
[]\OT1/cmtt/m/n/10 #define TURN_SPEED      4                    /* normal (slow
) turn speed    */[] 
 []


Overfull \hbox (64.49643pt too wide) in paragraph at lines 373--373
[]\OT1/cmtt/m/n/10 #define COLLISION_TH    900                  /* value of IR 
sensors to be   */[] 
 []


Overfull \hbox (64.49643pt too wide) in paragraph at lines 373--373
[]                                             \OT1/cmtt/m/n/10 /*   considered
 as collision   */[] 
 []


Overfull \hbox (59.24648pt too wide) in paragraph at lines 373--373
[]  \OT1/cmtt/m/n/10 if ((robot->IRSensor[0].DistanceValue > COLLISION_TH) ||  
 /* front left */[] 
 []


Overfull \hbox (59.24648pt too wide) in paragraph at lines 373--373
[]      \OT1/cmtt/m/n/10 (robot->IRSensor[1].DistanceValue > COLLISION_TH) ||  
 /*  sensors   */[] 
 []


Overfull \hbox (69.74638pt too wide) in paragraph at lines 373--373
[]                                              \OT1/cmtt/m/n/10 /* if there is
 a collision on the[] 
 []


Overfull \hbox (53.99652pt too wide) in paragraph at lines 373--373
[]                                                   \OT1/cmtt/m/n/10 left side
 of the robot */[] 
 []


Overfull \hbox (22.4968pt too wide) in paragraph at lines 373--373
[]    \OT1/cmtt/m/n/10 robot->Motor[RIGHT].Value = -TURN_SPEED;          /* tur
n right */[] 
 []


Overfull \hbox (69.74638pt too wide) in paragraph at lines 373--373
[]                                              \OT1/cmtt/m/n/10 /* if there is
 a collision on the[] 
 []

[8]
Overfull \hbox (59.24648pt too wide) in paragraph at lines 373--373
[]                                                   \OT1/cmtt/m/n/10 right sid
e of the robot */[] 
 []


Overfull \hbox (17.24684pt too wide) in paragraph at lines 373--373
[]    \OT1/cmtt/m/n/10 robot->Motor[RIGHT].Value =  TURN_SPEED;          /* tur
n left */[] 
 []


Overfull \hbox (69.74638pt too wide) in paragraph at lines 373--373
[]    \OT1/cmtt/m/n/10 robot->Motor[RIGHT].Value = FORWARD_SPEED;  /* else go f
orward (default) */[] 
 []


Overfull \hbox (59.24648pt too wide) in paragraph at lines 373--373
[]  \OT1/cmtt/m/n/10 if ((robot->IRSensor[6].DistanceValue > COLLISION_TH)||  /
* collision in */[] 
 []


Overfull \hbox (59.24648pt too wide) in paragraph at lines 373--373
[]      \OT1/cmtt/m/n/10 (robot->IRSensor[7].DistanceValue > COLLISION_TH))   /
*   the back   */[] 
 []


LaTeX Warning: Reference `graphics_functions' on page 9 undefined on input line
 388.


LaTeX Warning: Reference `multi_h' on page 9 undefined on input line 396.


Overfull \hbox (1.88876pt too wide) in paragraph at lines 395--405
\OT1/cmr/m/n/10 Two ver-sions are pro-vided to al-low a run with graph-i-cal di
s-play (\OT1/cmtt/m/n/10 MultiRobotRun\OT1/cmr/m/n/10 )
 []

[9]
Underfull \hbox (badness 10000) in paragraph at lines 406--407

 []


Overfull \hbox (48.49907pt too wide) in paragraph at lines 411--421
\OT1/cmr/m/n/10 Then, you may run the robots us-ing the func-tions \OT1/cmtt/m/
n/10 MultiRobotRun \OT1/cmr/m/n/10 and \OT1/cmtt/m/n/10 MultiRobotRunFast\OT1/c
mr/m/n/10 .
 []


Underfull \hbox (badness 10000) in paragraph at lines 422--423

 []

[10]
No file manual.bbl.
[11]
Overfull \hbox (11.99689pt too wide) in paragraph at lines 490--490
[]      \OT1/cmtt/m/n/10 short int Value;         /* motor speed between -10 an
d +10 */[] 
 []


Overfull \hbox (1.49698pt too wide) in paragraph at lines 490--490
[]      \OT1/cmtt/m/n/10 short int DistanceValue;  /* typically between 0 and 1
023 */[] 
 []


Overfull \hbox (1.49698pt too wide) in paragraph at lines 490--490
[]      \OT1/cmtt/m/n/10 short int LightValue;     /* typically between 0 and 5
00  */[] 
 []


Overfull \hbox (64.49643pt too wide) in paragraph at lines 490--490
[]      \OT1/cmtt/m/n/10 double                X,Y,Alpha; /* X and Y (millimete
r), Alpha (rad) */[] 
 []


Overfull \hbox (64.49643pt too wide) in paragraph at lines 490--490
[]      \OT1/cmtt/m/n/10 struct Motor          Motor[2];  /* use RIGHT & LEFT i
nstead of 0 & 1 */[] 
 []


Overfull \hbox (64.49643pt too wide) in paragraph at lines 490--490
[]      \OT1/cmtt/m/n/10 struct IRSensor       IRSensor[8]; /* see simulated ro
bot on figure 1 */[] 
 []


Overfull \hbox (11.99689pt too wide) in paragraph at lines 547--547
[]    \OT1/cmtt/m/n/10 This function is called when the "NEW ROBOT" buttons is 
pressed.[] 
 []


Overfull \hbox (59.24648pt too wide) in paragraph at lines 547--547
[]    \OT1/cmtt/m/n/10 This function allows the user to write some data in the 
robot file, using[] 
 []


Overfull \hbox (48.74657pt too wide) in paragraph at lines 547--547
[]    \OT1/cmtt/m/n/10 the C functions fprintf(file,pattern,data). It is called
 when the "LOAD[] 
 []


Overfull \hbox (59.24648pt too wide) in paragraph at lines 547--547
[]    \OT1/cmtt/m/n/10 This function allows to retrieve the data saved by the L
oadRobot function[] 
 []


Overfull \hbox (69.74638pt too wide) in paragraph at lines 547--547
[]    \OT1/cmtt/m/n/10 using the C function fscanf(file,pattern,data). It is ca
lled when the "SAVE[] 
 []


Overfull \hbox (69.74638pt too wide) in paragraph at lines 547--547
[]    \OT1/cmtt/m/n/10 ROBOT" button is pressed. Both functions need to be upda
ted in the same way[] 
 []


Overfull \hbox (27.74675pt too wide) in paragraph at lines 547--547
[]    \OT1/cmtt/m/n/10 (they must load and save exactly the same datas in the s
ame order).[] 
 []

[12]
Overfull \hbox (32.9967pt too wide) in paragraph at lines 547--547
[]    \OT1/cmtt/m/n/10 This function is called once when the "RUN ROBOT" button
 is pressed.[] 
 []


Overfull \hbox (22.4968pt too wide) in paragraph at lines 547--547
[]    \OT1/cmtt/m/n/10 This function is called as long as the "RUN ROBOT" butto
n is down.[] 
 []


Overfull \hbox (11.99689pt too wide) in paragraph at lines 547--547
[]    \OT1/cmtt/m/n/10 This function is called when the "RUN ROBOT" button is r
eleased.[] 
 []


Overfull \hbox (6.74693pt too wide) in paragraph at lines 547--547
[]    \OT1/cmtt/m/n/10 This function is call when the "RESET ROBOT" button is p
ressed.[] 
 []


Overfull \hbox (43.49661pt too wide) in paragraph at lines 547--547
[]    \OT1/cmtt/m/n/10 This function is called when the "COMMAND" button is pre
ssed. The text[] 
 []


Overfull \hbox (59.24648pt too wide) in paragraph at lines 547--547
[]    \OT1/cmtt/m/n/10 parameter passed to it is the string that the user typed
 on the keyboard.[] 
 []


Overfull \hbox (69.74638pt too wide) in paragraph at lines 547--547
[]    \OT1/cmtt/m/n/10 It is a powerful way to do anything you want (set parame
ters, start various[] 
 []


Overfull \hbox (59.24648pt too wide) in paragraph at lines 547--547
[]    \OT1/cmtt/m/n/10 This function is called each time the program needs to r
edraw the display[] 
 []


Overfull \hbox (69.74638pt too wide) in paragraph at lines 547--547
[]    \OT1/cmtt/m/n/10 of the window. It must contain all the drawings and text
s for the user info[] 
 []


Overfull \hbox (64.49643pt too wide) in paragraph at lines 547--547
[]    \OT1/cmtt/m/n/10 This function is called at the beginning of the program.
 It can be used to[] 
 []


Overfull \hbox (64.49643pt too wide) in paragraph at lines 547--547
[]    \OT1/cmtt/m/n/10 This function is called at the end of the program. It al
lows to close some[] 
 []


Overfull \hbox (1.49698pt too wide) in paragraph at lines 547--547
[]    \OT1/cmtt/m/n/10 file eventually open during UserInit() or to free some m
emory.[] 
 []


Overfull \hbox (59.24648pt too wide) in paragraph at lines 609--609
[]    \OT1/cmtt/m/n/10 BLACK, DIM_GREY, GREY_69, GREY, LIGHT_GREY, WHITE, BLUE,
 BLUE_CYAN, CYAN,[] 
 []


Overfull \hbox (22.4968pt too wide) in paragraph at lines 609--609
[]    \OT1/cmtt/m/n/10 CYAN_GREEN, GREEN, GREEN_YELLOW, YELLOW, YELLOW_RED, RED
, MAGENTA,[] 
 []


Overfull \hbox (22.4968pt too wide) in paragraph at lines 609--609
[]    \OT1/cmtt/m/n/10 LIME_GREEN, BROWN, MAROON, GOLD, AQUAMARINE, FIREBRICK, 
GOLDENROD,[] 
 []


Overfull \hbox (27.74675pt too wide) in paragraph at lines 609--609
[]    \OT1/cmtt/m/n/10 DARK_OLIVE_GREEN, PEACH_PUFF, PAPAYA_WHIP, BISQUE, AZURE
, LAVENDER,[] 
 []

[13]
Overfull \hbox (17.24684pt too wide) in paragraph at lines 609--609
[]    \OT1/cmtt/m/n/10 MISTY_ROSE, MEDIUM_BLUE, NAVY_BLUE, PALE_TURQUOISE and S
EA_GREEN.[] 
 []


Overfull \hbox (1.49698pt too wide) in paragraph at lines 609--609
[]    \OT1/cmtt/m/n/10 Draws a filled arc with the upper left corner at (x,y) b
etween[] 
 []


Overfull \hbox (1.49698pt too wide) in paragraph at lines 609--609
[]    \OT1/cmtt/m/n/10 Draws an empty arc with the upper left corner at (x,y) b
etween[] 
 []


Overfull \hbox (38.24666pt too wide) in paragraph at lines 609--609
[]    \OT1/cmtt/m/n/10 Returns the current page number of user info (ranging fr
om 0 to 255).[] 
 []


Overfull \hbox (9.00066pt too wide) in paragraph at lines 613--615
\OT1/cmr/m/n/10 These func-tions should be called by the User-Com-mand() func-t
ion or sub-functions. 
 []


Underfull \vbox (badness 10000) has occurred while \output is active []

 [14]
Overfull \hbox (11.99689pt too wide) in paragraph at lines 625--625
[]    \OT1/cmtt/m/n/10 Runs the simulated robot. Returns FALSE if the robot is 
stopped.[] 
 []

[15]

LaTeX Warning: File `EPS/directory.eps' not found on input line 630.

Package epstopdf Info: Source file: <EPS/directory.eps>
(epstopdf)             Output file: <EPS/directory-eps-converted-to.pdf>
(epstopdf)             Command: <repstopdf --outfile=EPS/directory-eps-converte
d-to.pdf EPS/directory.eps>
(epstopdf)             \includegraphics on input line 630.
Package epstopdf Info: Output file is already uptodate.

! Package pdftex.def Error: File `EPS/directory-eps-converted-to.pdf' not found
: using draft setting.

See the pdftex.def package documentation for explanation.
Type  H <return>  for immediate help.
 ...                                              
                                                  
l.630 \psfig{file=EPS/directory.eps,width=15.0cm}
                                                 
? 

Overfull \hbox (81.79134pt too wide) in paragraph at lines 630--631
[] 
 []

[16]
Overfull \hbox (1.49698pt too wide) in paragraph at lines 676--676
[]\OT1/cmtt/m/n/10 Format of the command:  D, speed_motor_left, speed_motor_rig
ht<\n>[] 
 []


Overfull \hbox (32.9967pt too wide) in paragraph at lines 676--676
[]\OT1/cmtt/m/n/10 Effect:                 Set the speed of the two motors. The
 unit is the[] 
 []


Overfull \hbox (32.9967pt too wide) in paragraph at lines 676--676
[]                        \OT1/cmtt/m/n/10 pulse/10 ms that correspond to 8 mil
limeters per[] 
 []


Overfull \hbox (1.49698pt too wide) in paragraph at lines 676--676
[]\OT1/cmtt/m/n/10 Format of the response: e, speed_motor_left, speed_motor_rig
ht<\n>[] 
 []


Overfull \hbox (48.74657pt too wide) in paragraph at lines 676--676
[]\OT1/cmtt/m/n/10 Effect:                 Read the instantaneous speed of the 
two motors. The[] 
 []


Overfull \hbox (11.99689pt too wide) in paragraph at lines 676--676
[]                        \OT1/cmtt/m/n/10 unit is the pulse/10 ms that corresp
ond to 8[] 
 []


Overfull \hbox (64.49643pt too wide) in paragraph at lines 676--676
[]\OT1/cmtt/m/n/10 Format of the response: n, val_sens_left_90,val_sens_left_45
,val_sens_left_10,[] 
 []


Overfull \hbox (64.49643pt too wide) in paragraph at lines 676--676
[]                        \OT1/cmtt/m/n/10 val_sens_right_10,val_sens_right_45,
val_sens_right_90,[] 
 []


Overfull \hbox (1.49698pt too wide) in paragraph at lines 676--676
[]                        \OT1/cmtt/m/n/10 val_sens_back_right,val_sens_back_le
ft<\n>[] 
 []


Overfull \hbox (69.74638pt too wide) in paragraph at lines 676--676
[]\OT1/cmtt/m/n/10 Effect:                 Read the 10 bit values of the 8 prox
imity sensors, from[] 
 []


Overfull \hbox (48.74657pt too wide) in paragraph at lines 676--676
[]                        \OT1/cmtt/m/n/10 the front sensor situated at the lef
t of the robot,[] 
 []


Overfull \hbox (1.49698pt too wide) in paragraph at lines 676--676
[]                        \OT1/cmtt/m/n/10 turning clockwise to the back-left s
ensor.[] 
 []


Overfull \hbox (64.49643pt too wide) in paragraph at lines 676--676
[]\OT1/cmtt/m/n/10 Format of the response: o, val_sens_left_90,val_sens_left_45
,val_sens_left_10,[] 
 []


Overfull \hbox (64.49643pt too wide) in paragraph at lines 676--676
[]                        \OT1/cmtt/m/n/10 val_sens_right_10,val_sens_right_45,
val_sens_right_90,[] 
 []


Overfull \hbox (1.49698pt too wide) in paragraph at lines 676--676
[]                        \OT1/cmtt/m/n/10 val_sens_back_right,val_sens_back_le
ft<\n>[] 
 []


Overfull \hbox (64.49643pt too wide) in paragraph at lines 676--676
[]\OT1/cmtt/m/n/10 Effect:                 Read the 10 bit values of the 8 ambi
ent light sensors,[] 
 []


Overfull \hbox (38.24666pt too wide) in paragraph at lines 676--676
[]                        \OT1/cmtt/m/n/10 from the front sensor situated at th
e left of the[] 
 []


Overfull \hbox (38.24666pt too wide) in paragraph at lines 676--676
[]                        \OT1/cmtt/m/n/10 robot, turning clockwise to the back
-left sensor.[] 
 []

[17]
Overfull \hbox (28.27066pt too wide) in paragraph at lines 768--768
[]\OT1/cmtt/m/n/9 /************************************************************
*****************/[] 
 []


Overfull \hbox (28.27066pt too wide) in paragraph at lines 768--768
[]\OT1/cmtt/m/n/9 /* File:        multirobots.h (Khepera Simulator)            
                */[] 
 []


Overfull \hbox (28.27066pt too wide) in paragraph at lines 768--768
[]\OT1/cmtt/m/n/9 /* Author:      Manuel CLERGUE <clerguem@alto.unice.fr>      
                */[] 
 []


Overfull \hbox (28.27066pt too wide) in paragraph at lines 768--768
[]\OT1/cmtt/m/n/9 /* Date:        Thu Jan 16 14:39:05 1996                     
                */[] 
 []


Overfull \hbox (28.27066pt too wide) in paragraph at lines 768--768
[]\OT1/cmtt/m/n/9 /* Description: Extension of Khepera Simulator               
                */[] 
 []


Overfull \hbox (28.27066pt too wide) in paragraph at lines 768--768
[]\OT1/cmtt/m/n/9 /*              for multi-agents simulation                  
                */[] 
 []


Overfull \hbox (28.27066pt too wide) in paragraph at lines 768--768
[]\OT1/cmtt/m/n/9 /* Copyright (c) 1995                                        
                */[] 
 []


Overfull \hbox (28.27066pt too wide) in paragraph at lines 768--768
[]\OT1/cmtt/m/n/9 /* Olivier MICHEL                                            
                */[] 
 []


Overfull \hbox (28.27066pt too wide) in paragraph at lines 768--768
[]\OT1/cmtt/m/n/9 /* MAGE team, i3S laboratory,                                
                */[] 
 []


Overfull \hbox (28.27066pt too wide) in paragraph at lines 768--768
[]\OT1/cmtt/m/n/9 /* CNRS, University of Nice - Sophia Antipolis, FRANCE       
                */[] 
 []


Overfull \hbox (28.27066pt too wide) in paragraph at lines 768--768
[]\OT1/cmtt/m/n/9 /*                                                           
                */[] 
 []


Overfull \hbox (28.27066pt too wide) in paragraph at lines 768--768
[]\OT1/cmtt/m/n/9 /* Copyright (c) 1996                                        
                */[] 
 []


Overfull \hbox (28.27066pt too wide) in paragraph at lines 768--768
[]\OT1/cmtt/m/n/9 /* Manuel CLERGUE                                            
                */[] 
 []


Overfull \hbox (28.27066pt too wide) in paragraph at lines 768--768
[]\OT1/cmtt/m/n/9 /* MAGE team, i3S laboratory,                                
                */[] 
 []


Overfull \hbox (28.27066pt too wide) in paragraph at lines 768--768
[]\OT1/cmtt/m/n/9 /* CNRS, University of Nice - Sophia Antipolis, FRANCE       
                */[] 
 []


Overfull \hbox (28.27066pt too wide) in paragraph at lines 768--768
[]\OT1/cmtt/m/n/9 /*                                                           
                */[] 
 []


Overfull \hbox (28.27066pt too wide) in paragraph at lines 768--768
[]\OT1/cmtt/m/n/9 /* Permission is hereby granted to copy this package for free
 distribution.  */[] 
 []


Overfull \hbox (28.27066pt too wide) in paragraph at lines 768--768
[]\OT1/cmtt/m/n/9 /* The author's name and this copyright notice must be includ
ed in any copy. */[] 
 []


Overfull \hbox (28.27066pt too wide) in paragraph at lines 768--768
[]\OT1/cmtt/m/n/9 /* Commercial use is forbidden.                              
                */[] 
 []


Overfull \hbox (28.27066pt too wide) in paragraph at lines 768--768
[]\OT1/cmtt/m/n/9 /************************************************************
*****************/[] 
 []


Overfull \hbox (28.27066pt too wide) in paragraph at lines 768--768
[]\OT1/cmtt/m/n/9 #define D_MAX         50.0   /* max. dist. between 2 robots f
or mutual perc. */[] 
 []


Overfull \hbox (14.09583pt too wide) in paragraph at lines 768--768
[]\OT1/cmtt/m/n/9 extern void    ChooseRandomPosition(struct World *world,doubl
e *x,double *y,[] 
 []


Overfull \hbox (37.72055pt too wide) in paragraph at lines 768--768
[]\OT1/cmtt/m/n/9 extern u_short IRSensorDistanceValue(struct World *world,shor
t int x,short int y,[] 
 []


Overfull \hbox (23.54572pt too wide) in paragraph at lines 768--768
[]\OT1/cmtt/m/n/9 extern u_short IRSensorLightValue(struct World *world,short i
nt x,short int y,[] 
 []


Overfull \hbox (37.72055pt too wide) in paragraph at lines 768--768
[]  \OT1/cmtt/m/n/9 short int     current;  /* Current Robot being treated -- u
se this carefully */[] 
 []


Overfull \hbox (23.54572pt too wide) in paragraph at lines 768--768
[]\OT1/cmtt/m/n/9 /* CreateMultiRobots create and initialyze the structure with
 number Robots */[] 
 []


Underfull \vbox (badness 3514) has occurred while \output is active []

 [18]
Overfull \hbox (61.34528pt too wide) in paragraph at lines 768--768
[]\OT1/cmtt/m/n/9 /* Calculate the influence of the group on the current Robot'
s captor (xc,yc,alpha) */[] 
 []


Overfull \hbox (28.27066pt too wide) in paragraph at lines 768--768
[]\OT1/cmtt/m/n/9 /* Calculate the value of IR-Distance captors of the Robots i
n the structure */[] 
 []


Overfull \hbox (28.27066pt too wide) in paragraph at lines 768--768
[]\OT1/cmtt/m/n/9 /* You have to implement these functions in the same way that
 you have to do it[] 
 []


Overfull \hbox (18.82077pt too wide) in paragraph at lines 768--768
[]\OT1/cmtt/m/n/9 /* This service allow you to place the robots at random place
 in the world */[] 
 []

[19] (./manual.aux)

LaTeX Warning: There were undefined references.


LaTeX Warning: Label(s) may have changed. Rerun to get cross-references right.

 ) 
Here is how much of TeX's memory you used:
 1514 strings out of 494584
 21582 string characters out of 6177773
 89124 words of memory out of 5000000
 5146 multiletter control sequences out of 15000+600000
 10009 words of font info for 36 fonts, out of 8000000 for 9000
 14 hyphenation exceptions out of 8191
 41i,8n,25p,550b,299s stack positions out of 5000i,500n,10000p,200000b,80000s
</usr/share/texlive/texmf-dist/fonts/type1/public/amsfonts/cm/cmbx10.pfb></us
r/share/texlive/texmf-dist/fonts/type1/public/amsfonts/cm/cmbx12.pfb></usr/shar
e/texlive/texmf-dist/fonts/type1/public/amsfonts/cm/cmbxti10.pfb></usr/share/te
xlive/texmf-dist/fonts/type1/public/amsfonts/cm/cmmi10.pfb></usr/share/texlive/
texmf-dist/fonts/type1/public/amsfonts/cm/cmr10.pfb></usr/share/texlive/texmf-d
ist/fonts/type1/public/amsfonts/cm/cmr12.pfb></usr/share/texlive/texmf-dist/fon
ts/type1/public/amsfonts/cm/cmr17.pfb></usr/share/texlive/texmf-dist/fonts/type
1/public/amsfonts/cm/cmsy10.pfb></usr/share/texlive/texmf-dist/fonts/type1/publ
ic/amsfonts/cm/cmti10.pfb></usr/share/texlive/texmf-dist/fonts/type1/public/ams
fonts/cm/cmtt10.pfb></usr/share/texlive/texmf-dist/fonts/type1/public/amsfonts/
cm/cmtt12.pfb></usr/share/texlive/texmf-dist/fonts/type1/public/amsfonts/cm/cmt
t9.pfb>
Output written on manual.pdf (19 pages, 198222 bytes).
PDF statistics:
 114 PDF objects out of 1000 (max. 8388607)
 80 compressed objects within 1 object stream
 0 named destinations out of 1000 (max. 500000)
 1 words of extra memory for PDF output out of 10000 (max. 10000000)

